<?xml version="1.0" encoding="UTF-8" ?>
<testsuite tests="42" failures="0" name="SetupClass.TestRunner" time="0.009" errors="0" skipped="0">
  <properties>
[...]
</properties>
  <testcase classname="Scenario: " name="Given Open the Website URL." time="0.002"/>
  <testcase classname="Scenario: " name="Then Check Ebooks Page." time="0"/>
  <testcase classname="Scenario: " name="Then Pricing Page." time="0"/>
  <testcase classname="Scenario: " name="Then Free PPTs Page." time="0"/>
  <testcase classname="Scenario: " name="Then Most Downloaded Page." time="0"/>
  <testcase classname="Scenario: " name="Then Newly Added Page." time="0"/>
  <testcase classname="Scenario: " name="Then Blog Page." time="0"/>
  <testcase classname="Scenario: " name="Then Free Business PPTs Page." time="0"/>
  <testcase classname="Scenario: " name="Then Template Finder Page." time="0"/>
  <testcase classname="Scenario: " name="Scenario: " time="0.001"/>
  <testcase classname="| himanshi.sharma@slidetech.in |  | 123456 |" name="Then About Us Page." time="0"/>
  <testcase classname="| himanshi.sharma@slidetech.in |  | 123456 |" name="Then How it Works page." time="0"/>
  <testcase classname="| himanshi.sharma@slidetech.in |  | 123456 |" name="Then Site Map Page." time="0"/>
  <testcase classname="| himanshi.sharma@slidetech.in |  | 123456 |" name="Then Contact Us Page." time="0"/>
  <testcase classname="| himanshi.sharma@slidetech.in |  | 123456 |" name="Then FAQ Page." time="0"/>
  <testcase classname="| himanshi.sharma@slidetech.in |  | 123456 |" name="Then Terms of Use Page." time="0"/>
  <testcase classname="| himanshi.sharma@slidetech.in |  | 123456 |" name="Then Privacy Policy Page." time="0"/>
  <testcase classname="| himanshi.sharma@slidetech.in |  | 123456 |" name="Then Popular Free Slides Page." time="0"/>
  <testcase classname="| himanshi.sharma@slidetech.in |  | 123456 |" name="Then Template Finder Page." time="0"/>
  <testcase classname="| himanshi.sharma@slidetech.in |  | 123456 |" name="Then Research Services Page." time="0"/>
  <testcase classname="| himanshi.sharma@slidetech.in |  | 123456 |" name="Then Google Slides Page." time="0"/>
  <testcase classname="| himanshi.sharma@slidetech.in |  | 123456 |" name="| himanshi.sharma@slidetech.in |  | 123456 |" time="0.001"/>
  <testcase classname="Scenario: Test Diagram Footer." name="Given user is already on Website Footer." time="0"/>
  <testcase classname="Scenario: Test Diagram Footer." name="Then Advertising Test Diagram Page." time="0"/>
  <testcase classname="Scenario: Test Diagram Footer." name="Then View All Test Diagram Page." time="0"/>
  <testcase classname="Scenario: Test Diagram Footer." name="Scenario: Test Diagram Footer." time="0"/>
  <testcase classname="Scenario: Business Slides Footer." name="Given user is already on Website Footer." time="0.001"/>
  <testcase classname="Scenario: Business Slides Footer." name="Then About Us Company Details Business Details Page." time="0"/>
  <testcase classname="Scenario: Business Slides Footer." name="Then View All Business Slides Page." time="0"/>
  <testcase classname="Scenario: Business Slides Footer." name="Scenario: Business Slides Footer." time="0.002"/>
  <testcase classname="Scenario: Arrows and Targets Footer." name="Given user is already on Website Footer." time="0.001"/>
  <testcase classname="Scenario: Arrows and Targets Footer." name="Then Arrows and Targets Flat Designs Page." time="0"/>
  <testcase classname="Scenario: Arrows and Targets Footer." name="Then View All Flat Designs Page." time="0"/>
  <testcase classname="Scenario: Arrows and Targets Footer." name="Scenario: Arrows and Targets Footer." time="0"/>
  <testcase classname="Scenario: Themes Footer." name="Given user is already on Website Footer." time="0"/>
  <testcase classname="Scenario: Themes Footer." name="Then Abstract Themes Page." time="0"/>
  <testcase classname="Scenario: Themes Footer." name="Then View All Themes Page." time="0"/>
  <testcase classname="Scenario: Themes Footer." name="Scenario: Themes Footer." time="0.001"/>
  <testcase classname="Scenario: Icons Footer." name="Given user is already on Website Footer." time="0"/>
  <testcase classname="Scenario: Icons Footer." name="Then Abstract Icons Page." time="0"/>
  <testcase classname="Scenario: Icons Footer." name="Then View All Icons Page." time="0"/>
  <testcase classname="Scenario: Icons Footer." name="Scenario: Icons Footer." time="0"/>
</testsuite>